2017-05-05 13:41:52,230 Orchard.Recipes.Services.RecipeManager - Default - INFO Executing recipe 'Default'. [ExecutionId=4d86143e3013447f9a844e97b9940073]
2017-05-05 13:41:52,365 Orchard.Recipes.Services.RecipeStepQueue - Default - INFO Enqueuing recipe step 'Feature'. [ExecutionId=4d86143e3013447f9a844e97b9940073]
2017-05-05 13:41:52,385 Orchard.Recipes.Services.RecipeStepQueue - Default - INFO Enqueuing recipe step 'ContentDefinition'. [ExecutionId=4d86143e3013447f9a844e97b9940073]
2017-05-05 13:41:52,392 Orchard.Recipes.Services.RecipeStepQueue - Default - INFO Enqueuing recipe step 'Settings'. [ExecutionId=4d86143e3013447f9a844e97b9940073]
2017-05-05 13:41:52,395 Orchard.Recipes.Services.RecipeStepQueue - Default - INFO Enqueuing recipe step 'Migration'. [ExecutionId=4d86143e3013447f9a844e97b9940073]
2017-05-05 13:41:52,400 Orchard.Recipes.Services.RecipeStepQueue - Default - INFO Enqueuing recipe step 'Command'. [ExecutionId=4d86143e3013447f9a844e97b9940073]
2017-05-05 13:41:52,417 Orchard.Recipes.Services.RecipeStepQueue - Default - INFO Enqueuing recipe step 'ActivateShell'. [ExecutionId=(null)]
2017-05-05 13:41:52,892 Orchard.Recipes.Services.RecipeStepQueue - Default - INFO Dequeuing recipe steps. [ExecutionId=4d86143e3013447f9a844e97b9940073]
2017-05-05 13:41:52,895 Orchard.Recipes.Services.RecipeStepQueue - Default - INFO Dequeuing recipe step 'Feature'. [ExecutionId=4d86143e3013447f9a844e97b9940073]
2017-05-05 13:41:52,898 Orchard.Recipes.Services.RecipeStepExecutor - Default - INFO Executing recipe step 'Feature'. [ExecutionId=4d86143e3013447f9a844e97b9940073]
2017-05-05 13:41:52,904 Orchard.Recipes.Providers.RecipeHandlers.RecipeExecutionStepHandler - Default - INFO Executing recipe step 'Feature'. [ExecutionId=4d86143e3013447f9a844e97b9940073]
2017-05-05 13:41:52,910 Orchard.Recipes.Services.RecipeExecutionLogger - Default - INFO FeatureStep: Enabling features: Orchard.Blogs;Orchard.Comments;Orchard.Tags;Orchard.Alias;Orchard.Autoroute;TinyMce;Orchard.MediaLibrary;Orchard.ContentPicker;Orchard.PublishLater;Orchard.Resources;Orchard.Widgets;Orchard.ContentTypes;Orchard.Scripting;Orchard.Scripting.Lightweight;PackagingServices;Orchard.Packaging;Orchard.Projections;Orchard.Fields;Orchard.OutputCache;Orchard.Taxonomies;Orchard.Workflows;Orchard.Layouts;Orchard.Layouts.Tokens;TheThemeMachine [ExecutionId=4d86143e3013447f9a844e97b9940073]
2017-05-05 13:41:53,288 Orchard.Recipes.Providers.RecipeHandlers.RecipeExecutionStepHandler - Default - INFO Finished executing recipe step 'Feature'. [ExecutionId=4d86143e3013447f9a844e97b9940073]
2017-05-05 13:41:53,332 Orchard.Recipes.Services.RecipeScheduler - Default - INFO Scheduling next step of recipe. [ExecutionId=4d86143e3013447f9a844e97b9940073]
2017-05-05 13:42:03,546 Orchard.Recipes.Services.RecipeStepQueue - Default - INFO Dequeuing recipe steps. [ExecutionId=4d86143e3013447f9a844e97b9940073]
2017-05-05 13:42:03,548 Orchard.Recipes.Services.RecipeStepQueue - Default - INFO Dequeuing recipe step 'ContentDefinition'. [ExecutionId=4d86143e3013447f9a844e97b9940073]
2017-05-05 13:42:03,563 Orchard.Recipes.Services.RecipeStepExecutor - Default - INFO Executing recipe step 'ContentDefinition'. [ExecutionId=4d86143e3013447f9a844e97b9940073]
2017-05-05 13:42:03,566 Orchard.Recipes.Providers.RecipeHandlers.RecipeExecutionStepHandler - Default - INFO Executing recipe step 'ContentDefinition'. [ExecutionId=4d86143e3013447f9a844e97b9940073]
2017-05-05 13:42:03,570 Orchard.Recipes.Services.RecipeExecutionLogger - Default - INFO ContentDefinitionStep: Importing content type 'Page'. [ExecutionId=4d86143e3013447f9a844e97b9940073]
2017-05-05 13:42:04,075 Orchard.Recipes.Services.RecipeExecutionLogger - Default - INFO ContentDefinitionStep: Importing content type 'BlogPost'. [ExecutionId=4d86143e3013447f9a844e97b9940073]
2017-05-05 13:42:04,129 Orchard.Recipes.Services.RecipeExecutionLogger - Default - INFO ContentDefinitionStep: Importing content part 'BodyPart'. [ExecutionId=4d86143e3013447f9a844e97b9940073]
2017-05-05 13:42:04,164 Orchard.Recipes.Providers.RecipeHandlers.RecipeExecutionStepHandler - Default - INFO Finished executing recipe step 'ContentDefinition'. [ExecutionId=4d86143e3013447f9a844e97b9940073]
2017-05-05 13:42:04,194 Orchard.Recipes.Services.RecipeScheduler - Default - INFO Scheduling next step of recipe. [ExecutionId=4d86143e3013447f9a844e97b9940073]
2017-05-05 13:42:04,660 Orchard.Recipes.Services.RecipeStepQueue - Default - INFO Dequeuing recipe steps. [ExecutionId=4d86143e3013447f9a844e97b9940073]
2017-05-05 13:42:04,662 Orchard.Recipes.Services.RecipeStepQueue - Default - INFO Dequeuing recipe step 'Settings'. [ExecutionId=4d86143e3013447f9a844e97b9940073]
2017-05-05 13:42:04,664 Orchard.Recipes.Services.RecipeStepExecutor - Default - INFO Executing recipe step 'Settings'. [ExecutionId=4d86143e3013447f9a844e97b9940073]
2017-05-05 13:42:04,666 Orchard.Recipes.Providers.RecipeHandlers.RecipeExecutionStepHandler - Default - INFO Executing recipe step 'Settings'. [ExecutionId=4d86143e3013447f9a844e97b9940073]
2017-05-05 13:42:05,217 Orchard.Recipes.Providers.RecipeHandlers.RecipeExecutionStepHandler - Default - INFO Finished executing recipe step 'Settings'. [ExecutionId=4d86143e3013447f9a844e97b9940073]
2017-05-05 13:42:05,234 Orchard.Recipes.Services.RecipeScheduler - Default - INFO Scheduling next step of recipe. [ExecutionId=4d86143e3013447f9a844e97b9940073]
2017-05-05 13:42:05,651 Orchard.Recipes.Services.RecipeStepQueue - Default - INFO Dequeuing recipe steps. [ExecutionId=4d86143e3013447f9a844e97b9940073]
2017-05-05 13:42:05,654 Orchard.Recipes.Services.RecipeStepQueue - Default - INFO Dequeuing recipe step 'Migration'. [ExecutionId=4d86143e3013447f9a844e97b9940073]
2017-05-05 13:42:05,656 Orchard.Recipes.Services.RecipeStepExecutor - Default - INFO Executing recipe step 'Migration'. [ExecutionId=4d86143e3013447f9a844e97b9940073]
2017-05-05 13:42:05,657 Orchard.Recipes.Providers.RecipeHandlers.RecipeExecutionStepHandler - Default - INFO Executing recipe step 'Migration'. [ExecutionId=4d86143e3013447f9a844e97b9940073]
2017-05-05 13:42:05,980 Orchard.Recipes.Providers.RecipeHandlers.RecipeExecutionStepHandler - Default - INFO Finished executing recipe step 'Migration'. [ExecutionId=4d86143e3013447f9a844e97b9940073]
2017-05-05 13:42:05,995 Orchard.Recipes.Services.RecipeScheduler - Default - INFO Scheduling next step of recipe. [ExecutionId=4d86143e3013447f9a844e97b9940073]
2017-05-05 13:42:06,412 Orchard.Recipes.Services.RecipeStepQueue - Default - INFO Dequeuing recipe steps. [ExecutionId=4d86143e3013447f9a844e97b9940073]
2017-05-05 13:42:06,415 Orchard.Recipes.Services.RecipeStepQueue - Default - INFO Dequeuing recipe step 'Command'. [ExecutionId=4d86143e3013447f9a844e97b9940073]
2017-05-05 13:42:06,417 Orchard.Recipes.Services.RecipeStepExecutor - Default - INFO Executing recipe step 'Command'. [ExecutionId=4d86143e3013447f9a844e97b9940073]
2017-05-05 13:42:06,419 Orchard.Recipes.Providers.RecipeHandlers.RecipeExecutionStepHandler - Default - INFO Executing recipe step 'Command'. [ExecutionId=4d86143e3013447f9a844e97b9940073]
2017-05-05 13:42:06,422 Orchard.Recipes.Services.RecipeExecutionLogger - Default - INFO CommandStep: Executing command: layer create Default /LayerRule:"true" /Description:"The widgets in this layer are displayed on all pages" [ExecutionId=4d86143e3013447f9a844e97b9940073]
2017-05-05 13:42:07,300 Orchard.Recipes.Services.RecipeExecutionLogger - Default - INFO CommandStep: Executing command: layer create Authenticated /LayerRule:"authenticated" /Description:"The widgets in this layer are displayed when the user is authenticated" [ExecutionId=4d86143e3013447f9a844e97b9940073]
2017-05-05 13:42:07,347 Orchard.Recipes.Services.RecipeExecutionLogger - Default - INFO CommandStep: Executing command: layer create Anonymous /LayerRule:"not authenticated" /Description:"The widgets in this layer are displayed when the user is anonymous" [ExecutionId=4d86143e3013447f9a844e97b9940073]
2017-05-05 13:42:07,397 Orchard.Recipes.Services.RecipeExecutionLogger - Default - INFO CommandStep: Executing command: layer create Disabled /LayerRule:"false" /Description:"The widgets in this layer are never displayed" [ExecutionId=4d86143e3013447f9a844e97b9940073]
2017-05-05 13:42:07,446 Orchard.Recipes.Services.RecipeExecutionLogger - Default - INFO CommandStep: Executing command: layer create TheHomepage /LayerRule:"url '~/'" /Description:"The widgets in this layer are displayed on the home page" [ExecutionId=4d86143e3013447f9a844e97b9940073]
2017-05-05 13:42:07,493 Orchard.Recipes.Services.RecipeExecutionLogger - Default - INFO CommandStep: Executing command: site setting set baseurl [ExecutionId=4d86143e3013447f9a844e97b9940073]
2017-05-05 13:42:07,498 Orchard.Recipes.Services.RecipeExecutionLogger - Default - INFO CommandStep: Executing command: menu create /MenuName:"Main Menu" [ExecutionId=4d86143e3013447f9a844e97b9940073]
2017-05-05 13:42:07,543 Orchard.Recipes.Services.RecipeExecutionLogger - Default - INFO CommandStep: Executing command: page create /Slug:"welcome-to-orchard" /Title:"Welcome to Orchard!" /Path:"welcome-to-orchard" /Homepage:true /Publish:true /UseWelcomeText:true [ExecutionId=4d86143e3013447f9a844e97b9940073]
2017-05-05 13:42:08,638 Orchard.Recipes.Services.RecipeExecutionLogger - Default - INFO CommandStep: Executing command: menuitem create /MenuPosition:"0" /MenuText:"Home" /Url:"~/" /MenuName:"Main Menu" [ExecutionId=4d86143e3013447f9a844e97b9940073]
2017-05-05 13:42:08,723 Orchard.Recipes.Services.RecipeExecutionLogger - Default - INFO CommandStep: Executing command: widget create MenuWidget /Title:"Main Menu" /RenderTitle:false /Zone:"Navigation" /Position:"1" /Layer:"Default" /Identity:"MenuWidget1" /MenuName:"Main Menu" [ExecutionId=4d86143e3013447f9a844e97b9940073]
2017-05-05 13:42:08,855 Orchard.Recipes.Services.RecipeExecutionLogger - Default - INFO CommandStep: Executing command: theme activate "The Theme Machine" [ExecutionId=4d86143e3013447f9a844e97b9940073]
2017-05-05 13:42:08,866 Orchard.Recipes.Providers.RecipeHandlers.RecipeExecutionStepHandler - Default - INFO Finished executing recipe step 'Command'. [ExecutionId=4d86143e3013447f9a844e97b9940073]
2017-05-05 13:42:08,884 Orchard.Recipes.Services.RecipeScheduler - Default - INFO Scheduling next step of recipe. [ExecutionId=4d86143e3013447f9a844e97b9940073]
2017-05-05 13:42:09,380 Orchard.Recipes.Services.RecipeStepQueue - Default - INFO Dequeuing recipe steps. [ExecutionId=4d86143e3013447f9a844e97b9940073]
2017-05-05 13:42:09,383 Orchard.Recipes.Services.RecipeStepQueue - Default - INFO Dequeuing recipe step 'ActivateShell'. [ExecutionId=4d86143e3013447f9a844e97b9940073]
2017-05-05 13:42:09,384 Orchard.Recipes.Services.RecipeStepExecutor - Default - INFO Executing recipe step 'ActivateShell'. [ExecutionId=4d86143e3013447f9a844e97b9940073]
2017-05-05 13:42:09,386 Orchard.Recipes.Providers.RecipeHandlers.RecipeExecutionStepHandler - Default - INFO Executing recipe step 'ActivateShell'. [ExecutionId=4d86143e3013447f9a844e97b9940073]
2017-05-05 13:42:09,388 Orchard.Recipes.Providers.RecipeHandlers.RecipeExecutionStepHandler - Default - INFO Fi